
[2025-11-12T03:45:26] RUN shopA
CMD: /home/hayato/anaconda3/bin/python3 /mnt/c/Users/hayato/Downloads/restaurant_ai_pro/restaurant_ai_pro/bin/ai2_weekly_line_campaign.py --daily_csv data/shopA_daily.csv --outdir OUTPUT/shopA --city Sapporo,JP --coupon_url https://lin.ee/shopA --threshold 0.95 --cooldown_hours 24 --state_dir /mnt/c/Users/hayato/Downloads/restaurant_ai_pro/restaurant_ai_pro/.state/shopA --only_coupon --enable_broadcast

[STDERR]
Traceback (most recent call last):
  File "/mnt/c/Users/hayato/Downloads/restaurant_ai_pro/restaurant_ai_pro/bin/ai2_weekly_line_campaign.py", line 409, in <module>
    main()
  File "/mnt/c/Users/hayato/Downloads/restaurant_ai_pro/restaurant_ai_pro/bin/ai2_weekly_line_campaign.py", line 312, in main
    daily = load_daily(args.daily_csv)
  File "/mnt/c/Users/hayato/Downloads/restaurant_ai_pro/restaurant_ai_pro/bin/ai2_weekly_line_campaign.py", line 74, in load_daily
    df = pd.read_csv(csv_path)
  File "/home/hayato/anaconda3/lib/python3.9/site-packages/pandas/util/_decorators.py", line 311, in wrapper
    return func(*args, **kwargs)
  File "/home/hayato/anaconda3/lib/python3.9/site-packages/pandas/io/parsers/readers.py", line 678, in read_csv
    return _read(filepath_or_buffer, kwds)
  File "/home/hayato/anaconda3/lib/python3.9/site-packages/pandas/io/parsers/readers.py", line 581, in _read
    return parser.read(nrows)
  File "/home/hayato/anaconda3/lib/python3.9/site-packages/pandas/io/parsers/readers.py", line 1253, in read
    index, columns, col_dict = self._engine.read(nrows)
  File "/home/hayato/anaconda3/lib/python3.9/site-packages/pandas/io/parsers/c_parser_wrapper.py", line 225, in read
    chunks = self._reader.read_low_memory(nrows)
  File "pandas/_libs/parsers.pyx", line 805, in pandas._libs.parsers.TextReader.read_low_memory
  File "pandas/_libs/parsers.pyx", line 861, in pandas._libs.parsers.TextReader._read_rows
  File "pandas/_libs/parsers.pyx", line 847, in pandas._libs.parsers.TextReader._tokenize_rows
  File "pandas/_libs/parsers.pyx", line 1960, in pandas._libs.parsers.raise_parser_error
pandas.errors.ParserError: Error tokenizing data. C error: Expected 5 fields in line 11, saw 7


EXIT=1

[2025-11-12T03:52:59] RUN shopA
CMD: /home/hayato/anaconda3/bin/python3 /mnt/c/Users/hayato/Downloads/restaurant_ai_pro/restaurant_ai_pro/bin/ai2_weekly_line_campaign.py --daily_csv data/shopA_daily.csv --outdir OUTPUT/shopA --city Sapporo,JP --coupon_url https://lin.ee/shopA --threshold 0.95 --cooldown_hours 24 --state_dir /mnt/c/Users/hayato/Downloads/restaurant_ai_pro/restaurant_ai_pro/.state/shopA --only_coupon --enable_broadcast

[STDERR]
Traceback (most recent call last):
  File "/mnt/c/Users/hayato/Downloads/restaurant_ai_pro/restaurant_ai_pro/bin/ai2_weekly_line_campaign.py", line 409, in <module>
    main()
  File "/mnt/c/Users/hayato/Downloads/restaurant_ai_pro/restaurant_ai_pro/bin/ai2_weekly_line_campaign.py", line 312, in main
    daily = load_daily(args.daily_csv)
  File "/mnt/c/Users/hayato/Downloads/restaurant_ai_pro/restaurant_ai_pro/bin/ai2_weekly_line_campaign.py", line 74, in load_daily
    df = pd.read_csv(csv_path)
  File "/home/hayato/anaconda3/lib/python3.9/site-packages/pandas/util/_decorators.py", line 311, in wrapper
    return func(*args, **kwargs)
  File "/home/hayato/anaconda3/lib/python3.9/site-packages/pandas/io/parsers/readers.py", line 678, in read_csv
    return _read(filepath_or_buffer, kwds)
  File "/home/hayato/anaconda3/lib/python3.9/site-packages/pandas/io/parsers/readers.py", line 581, in _read
    return parser.read(nrows)
  File "/home/hayato/anaconda3/lib/python3.9/site-packages/pandas/io/parsers/readers.py", line 1253, in read
    index, columns, col_dict = self._engine.read(nrows)
  File "/home/hayato/anaconda3/lib/python3.9/site-packages/pandas/io/parsers/c_parser_wrapper.py", line 225, in read
    chunks = self._reader.read_low_memory(nrows)
  File "pandas/_libs/parsers.pyx", line 805, in pandas._libs.parsers.TextReader.read_low_memory
  File "pandas/_libs/parsers.pyx", line 861, in pandas._libs.parsers.TextReader._read_rows
  File "pandas/_libs/parsers.pyx", line 847, in pandas._libs.parsers.TextReader._tokenize_rows
  File "pandas/_libs/parsers.pyx", line 1960, in pandas._libs.parsers.raise_parser_error
pandas.errors.ParserError: Error tokenizing data. C error: Expected 5 fields in line 11, saw 7


EXIT=1

[2025-11-12T03:53:36] RUN shopA
CMD: /home/hayato/anaconda3/bin/python3 /mnt/c/Users/hayato/Downloads/restaurant_ai_pro/restaurant_ai_pro/bin/ai2_weekly_line_campaign.py --daily_csv data/shopA_daily.csv --outdir OUTPUT/shopA --city Sapporo,JP --coupon_url https://lin.ee/shopA --threshold 0.95 --cooldown_hours 24 --state_dir /mnt/c/Users/hayato/Downloads/restaurant_ai_pro/restaurant_ai_pro/.state/shopA --only_coupon --enable_broadcast

[STDERR]
Traceback (most recent call last):
  File "/mnt/c/Users/hayato/Downloads/restaurant_ai_pro/restaurant_ai_pro/bin/ai2_weekly_line_campaign.py", line 409, in <module>
    main()
  File "/mnt/c/Users/hayato/Downloads/restaurant_ai_pro/restaurant_ai_pro/bin/ai2_weekly_line_campaign.py", line 312, in main
    daily = load_daily(args.daily_csv)
  File "/mnt/c/Users/hayato/Downloads/restaurant_ai_pro/restaurant_ai_pro/bin/ai2_weekly_line_campaign.py", line 74, in load_daily
    df = pd.read_csv(csv_path)
  File "/home/hayato/anaconda3/lib/python3.9/site-packages/pandas/util/_decorators.py", line 311, in wrapper
    return func(*args, **kwargs)
  File "/home/hayato/anaconda3/lib/python3.9/site-packages/pandas/io/parsers/readers.py", line 678, in read_csv
    return _read(filepath_or_buffer, kwds)
  File "/home/hayato/anaconda3/lib/python3.9/site-packages/pandas/io/parsers/readers.py", line 581, in _read
    return parser.read(nrows)
  File "/home/hayato/anaconda3/lib/python3.9/site-packages/pandas/io/parsers/readers.py", line 1253, in read
    index, columns, col_dict = self._engine.read(nrows)
  File "/home/hayato/anaconda3/lib/python3.9/site-packages/pandas/io/parsers/c_parser_wrapper.py", line 225, in read
    chunks = self._reader.read_low_memory(nrows)
  File "pandas/_libs/parsers.pyx", line 805, in pandas._libs.parsers.TextReader.read_low_memory
  File "pandas/_libs/parsers.pyx", line 861, in pandas._libs.parsers.TextReader._read_rows
  File "pandas/_libs/parsers.pyx", line 847, in pandas._libs.parsers.TextReader._tokenize_rows
  File "pandas/_libs/parsers.pyx", line 1960, in pandas._libs.parsers.raise_parser_error
pandas.errors.ParserError: Error tokenizing data. C error: Expected 5 fields in line 11, saw 7


EXIT=1

[2025-11-12T04:11:34] RUN shopA
CMD: /home/hayato/anaconda3/bin/python3 /mnt/c/Users/hayato/Downloads/restaurant_ai_pro/restaurant_ai_pro/bin/ai2_weekly_line_campaign.py --daily_csv data/shopA_daily.csv --outdir OUTPUT/shopA --city Sapporo,JP --coupon_url https://lin.ee/shopA --threshold 0.95 --cooldown_hours 24 --state_dir /mnt/c/Users/hayato/Downloads/restaurant_ai_pro/restaurant_ai_pro/.state/shopA --only_coupon --enable_broadcast

[STDERR]
Traceback (most recent call last):
  File "/mnt/c/Users/hayato/Downloads/restaurant_ai_pro/restaurant_ai_pro/bin/ai2_weekly_line_campaign.py", line 409, in <module>
    main()
  File "/mnt/c/Users/hayato/Downloads/restaurant_ai_pro/restaurant_ai_pro/bin/ai2_weekly_line_campaign.py", line 312, in main
    daily = load_daily(args.daily_csv)
  File "/mnt/c/Users/hayato/Downloads/restaurant_ai_pro/restaurant_ai_pro/bin/ai2_weekly_line_campaign.py", line 74, in load_daily
    df = pd.read_csv(csv_path)
  File "/home/hayato/anaconda3/lib/python3.9/site-packages/pandas/util/_decorators.py", line 311, in wrapper
    return func(*args, **kwargs)
  File "/home/hayato/anaconda3/lib/python3.9/site-packages/pandas/io/parsers/readers.py", line 678, in read_csv
    return _read(filepath_or_buffer, kwds)
  File "/home/hayato/anaconda3/lib/python3.9/site-packages/pandas/io/parsers/readers.py", line 581, in _read
    return parser.read(nrows)
  File "/home/hayato/anaconda3/lib/python3.9/site-packages/pandas/io/parsers/readers.py", line 1253, in read
    index, columns, col_dict = self._engine.read(nrows)
  File "/home/hayato/anaconda3/lib/python3.9/site-packages/pandas/io/parsers/c_parser_wrapper.py", line 225, in read
    chunks = self._reader.read_low_memory(nrows)
  File "pandas/_libs/parsers.pyx", line 805, in pandas._libs.parsers.TextReader.read_low_memory
  File "pandas/_libs/parsers.pyx", line 861, in pandas._libs.parsers.TextReader._read_rows
  File "pandas/_libs/parsers.pyx", line 847, in pandas._libs.parsers.TextReader._tokenize_rows
  File "pandas/_libs/parsers.pyx", line 1960, in pandas._libs.parsers.raise_parser_error
pandas.errors.ParserError: Error tokenizing data. C error: Expected 5 fields in line 11, saw 7


EXIT=1

[2025-11-12T04:36:05] RUN shopA
CMD: /home/hayato/anaconda3/bin/python3 /mnt/c/Users/hayato/Downloads/restaurant_ai_pro/restaurant_ai_pro/bin/ai2_weekly_line_campaign.py --daily_csv data/shopA_daily.csv --outdir OUTPUT/shopA --city Sapporo,JP --coupon_url https://lin.ee/shopA --threshold 0.95 --cooldown_hours 24 --state_dir /mnt/c/Users/hayato/Downloads/restaurant_ai_pro/restaurant_ai_pro/.state/shopA --only_coupon --enable_broadcast
[INFO] campaign not triggered (conditions not met or weekly mode).

EXIT=0

[2025-11-12T04:45:14] RUN shopA
CMD: /home/hayato/anaconda3/bin/python3 /mnt/c/Users/hayato/Downloads/restaurant_ai_pro/restaurant_ai_pro/bin/ai2_weekly_line_campaign.py --daily_csv data/shopA_daily.csv --outdir OUTPUT/shopA --city Sapporo,JP --coupon_url https://lin.ee/shopA --threshold 1.1 --cooldown_hours 0 --state_dir /mnt/c/Users/hayato/Downloads/restaurant_ai_pro/restaurant_ai_pro/.state/shopA --only_coupon --enable_broadcast

[STDERR]
Traceback (most recent call last):
  File "/mnt/c/Users/hayato/Downloads/restaurant_ai_pro/restaurant_ai_pro/bin/ai2_weekly_line_campaign.py", line 409, in <module>
    main()
  File "/mnt/c/Users/hayato/Downloads/restaurant_ai_pro/restaurant_ai_pro/bin/ai2_weekly_line_campaign.py", line 400, in main
    ok, fail, mode = send_text_all_modes(campaign, args.enable_broadcast, recipients)
  File "/mnt/c/Users/hayato/Downloads/restaurant_ai_pro/restaurant_ai_pro/bin/ai2_weekly_line_campaign.py", line 245, in send_text_all_modes
    ok, fail = send_broadcast(text)
  File "/mnt/c/Users/hayato/Downloads/restaurant_ai_pro/restaurant_ai_pro/bin/ai2_weekly_line_campaign.py", line 209, in send_broadcast
    r = requests.post(LINE_BROADCAST_API, headers=headers, json=payload, timeout=10)
  File "/home/hayato/anaconda3/lib/python3.9/site-packages/requests/api.py", line 115, in post
    return request("post", url, data=data, json=json, **kwargs)
  File "/home/hayato/anaconda3/lib/python3.9/site-packages/requests/api.py", line 59, in request
    return session.request(method=method, url=url, **kwargs)
  File "/home/hayato/anaconda3/lib/python3.9/site-packages/requests/sessions.py", line 573, in request
    prep = self.prepare_request(req)
  File "/home/hayato/anaconda3/lib/python3.9/site-packages/requests/sessions.py", line 484, in prepare_request
    p.prepare(
  File "/home/hayato/anaconda3/lib/python3.9/site-packages/requests/models.py", line 369, in prepare
    self.prepare_headers(headers)
  File "/home/hayato/anaconda3/lib/python3.9/site-packages/requests/models.py", line 491, in prepare_headers
    check_header_validity(header)
  File "/home/hayato/anaconda3/lib/python3.9/site-packages/requests/utils.py", line 1043, in check_header_validity
    _validate_header_part(value, "value", HEADER_VALIDATORS[type(value)][1])
  File "/home/hayato/anaconda3/lib/python3.9/site-packages/requests/utils.py", line 1048, in _validate_header_part
    raise InvalidHeader(
requests.exceptions.InvalidHeader: Invalid leading whitespace, reserved character(s), or returncharacter(s) in header value: 'Bearer （0O/2YYONd36OMGoGplajNB0f8kSn43Be+2uc6OEdMCKzSByEBfwGtNn/cjOwUbB7KE4DDj6OOESl8oAyxLLuH+3qFQmxwtojYPhkVmOXSCycKrD26JbkR6NDlaU2NWQXPOdah7HiTX/c0xaf9VS+jQdB04t89/1O/w1cDnyilFU=\nOPENWEATHER_KEY=1136859c9e812e5d80dcf4939b6a7ca6）'

EXIT=1

[2025-11-13T23:42:26] RUN shopA
CMD: /home/hayato/anaconda3/bin/python3 /mnt/c/Users/hayato/Downloads/restaurant_ai_pro/restaurant_ai_pro/bin/ai2_weekly_line_campaign.py --daily_csv data/shopA_daily.csv --outdir OUTPUT/shopA --city Sapporo,JP --coupon_url https://lin.ee/shopA --threshold 1.1 --cooldown_hours 0 --state_dir /mnt/c/Users/hayato/Downloads/restaurant_ai_pro/restaurant_ai_pro/.state/shopA --only_coupon --enable_broadcast
[INFO] campaign not triggered (conditions not met or weekly mode).

EXIT=0

[2025-11-14T00:26:31] RUN shopA
CMD: /home/hayato/anaconda3/bin/python3 /mnt/c/Users/hayato/Downloads/restaurant_ai_pro/restaurant_ai_pro/bin/ai2_weekly_line_campaign.py --daily_csv data/shopA_daily.csv --outdir OUTPUT/shopA --city Sapporo,JP --coupon_url https://lin.ee/shopA --threshold 1.1 --cooldown_hours 0 --state_dir /mnt/c/Users/hayato/Downloads/restaurant_ai_pro/restaurant_ai_pro/.state/shopA --only_coupon --enable_broadcast

[STDERR]
Traceback (most recent call last):
  File "/home/hayato/anaconda3/lib/python3.9/site-packages/urllib3/connection.py", line 174, in _new_conn
    conn = connection.create_connection(
  File "/home/hayato/anaconda3/lib/python3.9/site-packages/urllib3/util/connection.py", line 95, in create_connection
    raise err
  File "/home/hayato/anaconda3/lib/python3.9/site-packages/urllib3/util/connection.py", line 85, in create_connection
    sock.connect(sa)
OSError: [Errno 101] Network is unreachable

During handling of the above exception, another exception occurred:

Traceback (most recent call last):
  File "/home/hayato/anaconda3/lib/python3.9/site-packages/urllib3/connectionpool.py", line 703, in urlopen
    httplib_response = self._make_request(
  File "/home/hayato/anaconda3/lib/python3.9/site-packages/urllib3/connectionpool.py", line 386, in _make_request
    self._validate_conn(conn)
  File "/home/hayato/anaconda3/lib/python3.9/site-packages/urllib3/connectionpool.py", line 1042, in _validate_conn
    conn.connect()
  File "/home/hayato/anaconda3/lib/python3.9/site-packages/urllib3/connection.py", line 358, in connect
    self.sock = conn = self._new_conn()
  File "/home/hayato/anaconda3/lib/python3.9/site-packages/urllib3/connection.py", line 186, in _new_conn
    raise NewConnectionError(
urllib3.exceptions.NewConnectionError: <urllib3.connection.HTTPSConnection object at 0x7f15aa771340>: Failed to establish a new connection: [Errno 101] Network is unreachable

During handling of the above exception, another exception occurred:

Traceback (most recent call last):
  File "/home/hayato/anaconda3/lib/python3.9/site-packages/requests/adapters.py", line 489, in send
    resp = conn.urlopen(
  File "/home/hayato/anaconda3/lib/python3.9/site-packages/urllib3/connectionpool.py", line 787, in urlopen
    retries = retries.increment(
  File "/home/hayato/anaconda3/lib/python3.9/site-packages/urllib3/util/retry.py", line 592, in increment
    raise MaxRetryError(_pool, url, error or ResponseError(cause))
urllib3.exceptions.MaxRetryError: HTTPSConnectionPool(host='api.line.me', port=443): Max retries exceeded with url: /v2/bot/message/broadcast (Caused by NewConnectionError('<urllib3.connection.HTTPSConnection object at 0x7f15aa771340>: Failed to establish a new connection: [Errno 101] Network is unreachable'))

During handling of the above exception, another exception occurred:

Traceback (most recent call last):
  File "/mnt/c/Users/hayato/Downloads/restaurant_ai_pro/restaurant_ai_pro/bin/ai2_weekly_line_campaign.py", line 411, in <module>
    main()
  File "/mnt/c/Users/hayato/Downloads/restaurant_ai_pro/restaurant_ai_pro/bin/ai2_weekly_line_campaign.py", line 402, in main
    ok, fail, mode = send_text_all_modes(campaign, args.enable_broadcast, recipients)
  File "/mnt/c/Users/hayato/Downloads/restaurant_ai_pro/restaurant_ai_pro/bin/ai2_weekly_line_campaign.py", line 245, in send_text_all_modes
    ok, fail = send_broadcast(text)
  File "/mnt/c/Users/hayato/Downloads/restaurant_ai_pro/restaurant_ai_pro/bin/ai2_weekly_line_campaign.py", line 209, in send_broadcast
    r = requests.post(LINE_BROADCAST_API, headers=headers, json=payload, timeout=10)
  File "/home/hayato/anaconda3/lib/python3.9/site-packages/requests/api.py", line 115, in post
    return request("post", url, data=data, json=json, **kwargs)
  File "/home/hayato/anaconda3/lib/python3.9/site-packages/requests/api.py", line 59, in request
    return session.request(method=method, url=url, **kwargs)
  File "/home/hayato/anaconda3/lib/python3.9/site-packages/requests/sessions.py", line 587, in request
    resp = self.send(prep, **send_kwargs)
  File "/home/hayato/anaconda3/lib/python3.9/site-packages/requests/sessions.py", line 701, in send
    r = adapter.send(request, **kwargs)
  File "/home/hayato/anaconda3/lib/python3.9/site-packages/requests/adapters.py", line 565, in send
    raise ConnectionError(e, request=request)
requests.exceptions.ConnectionError: HTTPSConnectionPool(host='api.line.me', port=443): Max retries exceeded with url: /v2/bot/message/broadcast (Caused by NewConnectionError('<urllib3.connection.HTTPSConnection object at 0x7f15aa771340>: Failed to establish a new connection: [Errno 101] Network is unreachable'))

EXIT=1

[2025-11-14T01:42:41] RUN shopA
CMD: /home/hayato/anaconda3/bin/python3 /mnt/c/Users/hayato/Downloads/restaurant_ai_pro/restaurant_ai_pro/bin/ai2_weekly_line_campaign.py --daily_csv data/shopA_daily.csv --outdir OUTPUT/shopA --city Sapporo,JP --coupon_url https://lin.ee/shopA --threshold 1.1 --cooldown_hours 0 --state_dir /mnt/c/Users/hayato/Downloads/restaurant_ai_pro/restaurant_ai_pro/.state/shopA --only_coupon --enable_broadcast

[STDERR]
Traceback (most recent call last):
  File "/home/hayato/anaconda3/lib/python3.9/site-packages/urllib3/connection.py", line 174, in _new_conn
    conn = connection.create_connection(
  File "/home/hayato/anaconda3/lib/python3.9/site-packages/urllib3/util/connection.py", line 95, in create_connection
    raise err
  File "/home/hayato/anaconda3/lib/python3.9/site-packages/urllib3/util/connection.py", line 85, in create_connection
    sock.connect(sa)
OSError: [Errno 101] Network is unreachable

During handling of the above exception, another exception occurred:

Traceback (most recent call last):
  File "/home/hayato/anaconda3/lib/python3.9/site-packages/urllib3/connectionpool.py", line 703, in urlopen
    httplib_response = self._make_request(
  File "/home/hayato/anaconda3/lib/python3.9/site-packages/urllib3/connectionpool.py", line 386, in _make_request
    self._validate_conn(conn)
  File "/home/hayato/anaconda3/lib/python3.9/site-packages/urllib3/connectionpool.py", line 1042, in _validate_conn
    conn.connect()
  File "/home/hayato/anaconda3/lib/python3.9/site-packages/urllib3/connection.py", line 358, in connect
    self.sock = conn = self._new_conn()
  File "/home/hayato/anaconda3/lib/python3.9/site-packages/urllib3/connection.py", line 186, in _new_conn
    raise NewConnectionError(
urllib3.exceptions.NewConnectionError: <urllib3.connection.HTTPSConnection object at 0x7f1d80e0eca0>: Failed to establish a new connection: [Errno 101] Network is unreachable

During handling of the above exception, another exception occurred:

Traceback (most recent call last):
  File "/home/hayato/anaconda3/lib/python3.9/site-packages/requests/adapters.py", line 489, in send
    resp = conn.urlopen(
  File "/home/hayato/anaconda3/lib/python3.9/site-packages/urllib3/connectionpool.py", line 787, in urlopen
    retries = retries.increment(
  File "/home/hayato/anaconda3/lib/python3.9/site-packages/urllib3/util/retry.py", line 592, in increment
    raise MaxRetryError(_pool, url, error or ResponseError(cause))
urllib3.exceptions.MaxRetryError: HTTPSConnectionPool(host='api.line.me', port=443): Max retries exceeded with url: /v2/bot/message/broadcast (Caused by NewConnectionError('<urllib3.connection.HTTPSConnection object at 0x7f1d80e0eca0>: Failed to establish a new connection: [Errno 101] Network is unreachable'))

During handling of the above exception, another exception occurred:

Traceback (most recent call last):
  File "/mnt/c/Users/hayato/Downloads/restaurant_ai_pro/restaurant_ai_pro/bin/ai2_weekly_line_campaign.py", line 411, in <module>
    main()
  File "/mnt/c/Users/hayato/Downloads/restaurant_ai_pro/restaurant_ai_pro/bin/ai2_weekly_line_campaign.py", line 402, in main
    ok, fail, mode = send_text_all_modes(campaign, args.enable_broadcast, recipients)
  File "/mnt/c/Users/hayato/Downloads/restaurant_ai_pro/restaurant_ai_pro/bin/ai2_weekly_line_campaign.py", line 245, in send_text_all_modes
    ok, fail = send_broadcast(text)
  File "/mnt/c/Users/hayato/Downloads/restaurant_ai_pro/restaurant_ai_pro/bin/ai2_weekly_line_campaign.py", line 209, in send_broadcast
    r = requests.post(LINE_BROADCAST_API, headers=headers, json=payload, timeout=10)
  File "/home/hayato/anaconda3/lib/python3.9/site-packages/requests/api.py", line 115, in post
    return request("post", url, data=data, json=json, **kwargs)
  File "/home/hayato/anaconda3/lib/python3.9/site-packages/requests/api.py", line 59, in request
    return session.request(method=method, url=url, **kwargs)
  File "/home/hayato/anaconda3/lib/python3.9/site-packages/requests/sessions.py", line 587, in request
    resp = self.send(prep, **send_kwargs)
  File "/home/hayato/anaconda3/lib/python3.9/site-packages/requests/sessions.py", line 701, in send
    r = adapter.send(request, **kwargs)
  File "/home/hayato/anaconda3/lib/python3.9/site-packages/requests/adapters.py", line 565, in send
    raise ConnectionError(e, request=request)
requests.exceptions.ConnectionError: HTTPSConnectionPool(host='api.line.me', port=443): Max retries exceeded with url: /v2/bot/message/broadcast (Caused by NewConnectionError('<urllib3.connection.HTTPSConnection object at 0x7f1d80e0eca0>: Failed to establish a new connection: [Errno 101] Network is unreachable'))

EXIT=1

[2025-11-15T02:45:51] RUN shopA
CMD: /home/hayato/anaconda3/bin/python3 /mnt/c/Users/hayato/Downloads/restaurant_ai_pro/restaurant_ai_pro/bin/ai2_weekly_line_campaign.py --daily_csv data/shopA_daily.csv --outdir OUTPUT/shopA --city Sapporo,JP --coupon_url https://lin.ee/shopA --threshold 1.1 --cooldown_hours 0 --state_dir /mnt/c/Users/hayato/Downloads/restaurant_ai_pro/restaurant_ai_pro/.state/shopA --only_coupon --enable_broadcast
[SUMMARY] campaign: ok=1 fail=0 mode=broadcast

EXIT=0

[2025-11-15T04:51:34] RUN shopA
CMD: /home/hayato/anaconda3/bin/python3 /mnt/c/Users/hayato/Downloads/restaurant_ai_pro/restaurant_ai_pro/bin/ai2_weekly_line_campaign.py --daily_csv data/shopA_daily.csv --outdir OUTPUT/shopA --city Sapporo,JP --coupon_url https://lin.ee/shopA --threshold 1.1 --cooldown_hours 0 --state_dir /mnt/c/Users/hayato/Downloads/restaurant_ai_pro/restaurant_ai_pro/.state/shopA --only_coupon --enable_broadcast
[SUMMARY] campaign(extra): ok=1 fail=0 mode=broadcast

EXIT=0

[2025-11-15T23:42:32] RUN shopA
CMD: /home/hayato/anaconda3/bin/python3 /mnt/c/Users/hayato/Downloads/restaurant_ai_pro/restaurant_ai_pro/bin/ai2_weekly_line_campaign.py --daily_csv data/shopA_daily.csv --outdir OUTPUT/shopA --city Sapporo,JP --coupon_url https://lin.ee/shopA --threshold 1.1 --cooldown_hours 0 --state_dir /mnt/c/Users/hayato/Downloads/restaurant_ai_pro/restaurant_ai_pro/.state/shopA --only_coupon --enable_broadcast
[INFO] campaign not triggered (weekly limits / conditions).

EXIT=0

[2025-11-15T23:45:31] RUN shopA
CMD: /home/hayato/anaconda3/bin/python3 /mnt/c/Users/hayato/Downloads/restaurant_ai_pro/restaurant_ai_pro/bin/ai2_weekly_line_campaign.py --daily_csv data/shopA_daily.csv --outdir OUTPUT/shopA --city Sapporo,JP --coupon_url https://lin.ee/shopA --threshold 1.6 --cooldown_hours 0 --state_dir /mnt/c/Users/hayato/Downloads/restaurant_ai_pro/restaurant_ai_pro/.state/shopA --only_coupon --enable_broadcast
[INFO] campaign not triggered (weekly limits / conditions).

EXIT=0

[2025-11-18T21:10:44] RUN shopA
CMD: /home/hayato/anaconda3/bin/python3 /mnt/c/Users/hayato/Downloads/restaurant_ai_pro/restaurant_ai_pro/bin/ai2_weekly_line_campaign.py --daily_csv data/shopA_daily.csv --outdir OUTPUT/shopA --city Sapporo,JP --coupon_url https://lin.ee/shopA --threshold 1.6 --cooldown_hours 0 --state_dir /mnt/c/Users/hayato/Downloads/restaurant_ai_pro/restaurant_ai_pro/.state/shopA --only_coupon --menu_csv data/shopA/menu.csv --enable_broadcast

[STDERR]
usage: ai2_weekly_line_campaign.py [-h] --daily_csv DAILY_CSV --outdir OUTDIR
                                   [--recipients RECIPIENTS] [--city CITY]
                                   [--coupon_url COUPON_URL]
                                   [--threshold THRESHOLD]
                                   [--enable_broadcast] [--only_coupon]
                                   [--no_weekly_message]
                                   [--cooldown_hours COOLDOWN_HOURS]
                                   [--state_dir STATE_DIR] [--dry_run]
ai2_weekly_line_campaign.py: error: unrecognized arguments: --menu_csv data/shopA/menu.csv

EXIT=2

[2025-11-18T21:16:28] RUN shopA
CMD: /home/hayato/anaconda3/bin/python3 /mnt/c/Users/hayato/Downloads/restaurant_ai_pro/restaurant_ai_pro/bin/ai2_weekly_line_campaign.py --daily_csv data/shopA_daily.csv --outdir OUTPUT/shopA --city Sapporo,JP --coupon_url https://lin.ee/shopA --threshold 1.6 --cooldown_hours 0 --state_dir /mnt/c/Users/hayato/Downloads/restaurant_ai_pro/restaurant_ai_pro/.state/shopA --only_coupon --menu_csv data/shopA/menu.csv --enable_broadcast

[STDERR]
  File "/mnt/c/Users/hayato/Downloads/restaurant_ai_pro/restaurant_ai_pro/bin/ai2_weekly_line_campaign.py", line 829
    ap.add_argument(
IndentationError: unexpected indent

EXIT=1

[2025-11-18T21:19:55] RUN shopA
CMD: /home/hayato/anaconda3/bin/python3 /mnt/c/Users/hayato/Downloads/restaurant_ai_pro/restaurant_ai_pro/bin/ai2_weekly_line_campaign.py --daily_csv data/shopA_daily.csv --outdir OUTPUT/shopA --city Sapporo,JP --coupon_url https://lin.ee/shopA --threshold 1.6 --cooldown_hours 0 --state_dir /mnt/c/Users/hayato/Downloads/restaurant_ai_pro/restaurant_ai_pro/.state/shopA --only_coupon --menu_csv data/shopA/menu.csv --enable_broadcast
[DEBUG] weekday= 1 dow_weak= 2 trend_ratio= 1.0028985507246377 threshold= 1.6 bad_sales= True bad_weather= False weak_today= False regular_sent= 0 extra_sent= 0
[INFO] no owner recipients configured; skip owner campaign message.

[STDERR]
Traceback (most recent call last):
  File "/home/hayato/anaconda3/lib/python3.9/site-packages/urllib3/connection.py", line 174, in _new_conn
    conn = connection.create_connection(
  File "/home/hayato/anaconda3/lib/python3.9/site-packages/urllib3/util/connection.py", line 95, in create_connection
    raise err
  File "/home/hayato/anaconda3/lib/python3.9/site-packages/urllib3/util/connection.py", line 85, in create_connection
    sock.connect(sa)
OSError: [Errno 101] Network is unreachable

During handling of the above exception, another exception occurred:

Traceback (most recent call last):
  File "/home/hayato/anaconda3/lib/python3.9/site-packages/urllib3/connectionpool.py", line 703, in urlopen
    httplib_response = self._make_request(
  File "/home/hayato/anaconda3/lib/python3.9/site-packages/urllib3/connectionpool.py", line 386, in _make_request
    self._validate_conn(conn)
  File "/home/hayato/anaconda3/lib/python3.9/site-packages/urllib3/connectionpool.py", line 1042, in _validate_conn
    conn.connect()
  File "/home/hayato/anaconda3/lib/python3.9/site-packages/urllib3/connection.py", line 358, in connect
    self.sock = conn = self._new_conn()
  File "/home/hayato/anaconda3/lib/python3.9/site-packages/urllib3/connection.py", line 186, in _new_conn
    raise NewConnectionError(
urllib3.exceptions.NewConnectionError: <urllib3.connection.HTTPSConnection object at 0x7fbfd880f280>: Failed to establish a new connection: [Errno 101] Network is unreachable

During handling of the above exception, another exception occurred:

Traceback (most recent call last):
  File "/home/hayato/anaconda3/lib/python3.9/site-packages/requests/adapters.py", line 489, in send
    resp = conn.urlopen(
  File "/home/hayato/anaconda3/lib/python3.9/site-packages/urllib3/connectionpool.py", line 787, in urlopen
    retries = retries.increment(
  File "/home/hayato/anaconda3/lib/python3.9/site-packages/urllib3/util/retry.py", line 592, in increment
    raise MaxRetryError(_pool, url, error or ResponseError(cause))
urllib3.exceptions.MaxRetryError: HTTPSConnectionPool(host='api.line.me', port=443): Max retries exceeded with url: /v2/bot/message/broadcast (Caused by NewConnectionError('<urllib3.connection.HTTPSConnection object at 0x7fbfd880f280>: Failed to establish a new connection: [Errno 101] Network is unreachable'))

During handling of the above exception, another exception occurred:

Traceback (most recent call last):
  File "/mnt/c/Users/hayato/Downloads/restaurant_ai_pro/restaurant_ai_pro/bin/ai2_weekly_line_campaign.py", line 1045, in <module>
    main()
  File "/mnt/c/Users/hayato/Downloads/restaurant_ai_pro/restaurant_ai_pro/bin/ai2_weekly_line_campaign.py", line 1033, in main
    ok, fail, mode = send_messages_all_modes(messages, args.enable_broadcast, recipients)
  File "/mnt/c/Users/hayato/Downloads/restaurant_ai_pro/restaurant_ai_pro/bin/ai2_weekly_line_campaign.py", line 294, in send_messages_all_modes
    r = requests.post(LINE_BROADCAST_API, headers=headers, json=payload, timeout=10)
  File "/home/hayato/anaconda3/lib/python3.9/site-packages/requests/api.py", line 115, in post
    return request("post", url, data=data, json=json, **kwargs)
  File "/home/hayato/anaconda3/lib/python3.9/site-packages/requests/api.py", line 59, in request
    return session.request(method=method, url=url, **kwargs)
  File "/home/hayato/anaconda3/lib/python3.9/site-packages/requests/sessions.py", line 587, in request
    resp = self.send(prep, **send_kwargs)
  File "/home/hayato/anaconda3/lib/python3.9/site-packages/requests/sessions.py", line 701, in send
    r = adapter.send(request, **kwargs)
  File "/home/hayato/anaconda3/lib/python3.9/site-packages/requests/adapters.py", line 565, in send
    raise ConnectionError(e, request=request)
requests.exceptions.ConnectionError: HTTPSConnectionPool(host='api.line.me', port=443): Max retries exceeded with url: /v2/bot/message/broadcast (Caused by NewConnectionError('<urllib3.connection.HTTPSConnection object at 0x7fbfd880f280>: Failed to establish a new connection: [Errno 101] Network is unreachable'))

EXIT=1

[2025-11-18T21:38:02] RUN shopA
CMD: /home/hayato/anaconda3/bin/python3 /mnt/c/Users/hayato/Downloads/restaurant_ai_pro/restaurant_ai_pro/bin/ai2_weekly_line_campaign.py --daily_csv data/shopA_daily.csv --outdir OUTPUT/shopA --city Sapporo,JP --coupon_url https://lin.ee/shopA --threshold 1.6 --cooldown_hours 0 --state_dir /mnt/c/Users/hayato/Downloads/restaurant_ai_pro/restaurant_ai_pro/.state/shopA --only_coupon --menu_csv data/shopA/menu.csv --enable_broadcast
[DEBUG] weekday= 1 dow_weak= 2 trend_ratio= 1.0028985507246377 threshold= 1.6 bad_sales= True bad_weather= True weak_today= False regular_sent= 0 extra_sent= 0
[INFO] no owner recipients configured; skip owner campaign message.
[SUMMARY] campaign(extra): ok=1 fail=0 mode=broadcast

EXIT=0

[2025-11-19T14:22:47] RUN shopA
CMD: /home/hayato/anaconda3/bin/python3 /mnt/c/Users/hayato/Downloads/restaurant_ai_pro/restaurant_ai_pro/bin/ai2_weekly_line_campaign.py --daily_csv data/shopA_daily.csv --outdir OUTPUT/shopA --city Sapporo,JP --coupon_url https://lin.ee/shopA --threshold 1.6 --cooldown_hours 0 --state_dir /mnt/c/Users/hayato/Downloads/restaurant_ai_pro/restaurant_ai_pro/.state/shopA --only_coupon --menu_csv data/shopA/menu.csv --enable_broadcast
[DEBUG] weekday= 2 dow_weak= 2 trend_ratio= 1.0028985507246377 threshold= 1.6 bad_sales= True bad_weather= False weak_today= True regular_sent= 0 extra_sent= 0
[INFO] no owner recipients configured; skip owner campaign message.
[SUMMARY] campaign(extra): ok=1 fail=0 mode=broadcast

EXIT=0

[2025-11-19T14:41:27] RUN shopA
CMD: /home/hayato/anaconda3/bin/python3 /mnt/c/Users/hayato/Downloads/restaurant_ai_pro/restaurant_ai_pro/bin/ai2_weekly_line_campaign.py --daily_csv data/shopA_daily.csv --outdir OUTPUT/shopA --city Sapporo,JP --coupon_url https://lin.ee/shopA --threshold 1.6 --cooldown_hours 0 --state_dir /mnt/c/Users/hayato/Downloads/restaurant_ai_pro/restaurant_ai_pro/.state/shopA --only_coupon --menu_csv data/shopA/menu.csv --enable_broadcast
[DEBUG] weekday= 2 dow_weak= 2 trend_ratio= 1.0028985507246377 threshold= 1.6 bad_sales= True bad_weather= False weak_today= True regular_sent= 0 extra_sent= 0
[INFO] no owner recipients configured; skip owner campaign message.
[SUMMARY] campaign(extra): ok=1 fail=0 mode=broadcast

EXIT=0
